{"C:\\Users\\olena\\coffee-shop\\src\\components\\Header\\Header.jsx": {"path":"C:\\Users\\olena\\coffee-shop\\src\\components\\Header\\Header.jsx","statementMap":{"0":{"start":{"line":5,"column":19},"end":{"line":5,"column":32}},"1":{"start":{"line":6,"column":19},"end":{"line":6,"column":55}},"2":{"start":{"line":6,"column":29},"end":{"line":6,"column":55}},"3":{"start":{"line":8,"column":2},"end":{"line":17,"column":4}}},"fnMap":{"0":{"name":"Header","decl":{"start":{"line":4,"column":24},"end":{"line":4,"column":30}},"loc":{"start":{"line":4,"column":33},"end":{"line":18,"column":1}},"line":4},"1":{"name":"(anonymous_1)","decl":{"start":{"line":6,"column":19},"end":{"line":6,"column":20}},"loc":{"start":{"line":6,"column":29},"end":{"line":6,"column":55}},"line":6}},"branchMap":{"0":{"loc":{"start":{"line":12,"column":25},"end":{"line":12,"column":54}},"type":"cond-expr","locations":[{"start":{"line":12,"column":41},"end":{"line":12,"column":49}},{"start":{"line":12,"column":52},"end":{"line":12,"column":54}}],"line":12},"1":{"loc":{"start":{"line":13,"column":25},"end":{"line":13,"column":61}},"type":"cond-expr","locations":[{"start":{"line":13,"column":48},"end":{"line":13,"column":56}},{"start":{"line":13,"column":59},"end":{"line":13,"column":61}}],"line":13},"2":{"loc":{"start":{"line":14,"column":25},"end":{"line":14,"column":58}},"type":"cond-expr","locations":[{"start":{"line":14,"column":45},"end":{"line":14,"column":53}},{"start":{"line":14,"column":56},"end":{"line":14,"column":58}}],"line":14}},"s":{"0":3,"1":3,"2":9,"3":3},"f":{"0":3,"1":9},"b":{"0":[2,1],"1":[1,2],"2":[0,3]},"_coverageSchema":"1a1c01bbd47fc00a2c39e90264f33305004495a9","hash":"d9dbd84cfd6406e5c9e5e78fab745a50432ec8fd"}
,"C:\\Users\\olena\\coffee-shop\\src\\components\\ProductCard\\ProductCard.jsx": {"path":"C:\\Users\\olena\\coffee-shop\\src\\components\\ProductCard\\ProductCard.jsx","statementMap":{"0":{"start":{"line":4,"column":2},"end":{"line":12,"column":4}}},"fnMap":{"0":{"name":"ProductCard","decl":{"start":{"line":3,"column":24},"end":{"line":3,"column":35}},"loc":{"start":{"line":3,"column":49},"end":{"line":13,"column":1}},"line":3}},"branchMap":{},"s":{"0":2},"f":{"0":2},"b":{},"_coverageSchema":"1a1c01bbd47fc00a2c39e90264f33305004495a9","hash":"132e9d1ea175e18be6715e2fb5187198962d6097"}
,"C:\\Users\\olena\\coffee-shop\\src\\components\\RandomCoffee\\RandomCoffee.jsx": {"path":"C:\\Users\\olena\\coffee-shop\\src\\components\\RandomCoffee\\RandomCoffee.jsx","statementMap":{"0":{"start":{"line":3,"column":4},"end":{"line":13,"column":5}}},"fnMap":{"0":{"name":"RandomCoffee","decl":{"start":{"line":2,"column":24},"end":{"line":2,"column":36}},"loc":{"start":{"line":2,"column":46},"end":{"line":14,"column":1}},"line":2}},"branchMap":{},"s":{"0":1},"f":{"0":1},"b":{},"_coverageSchema":"1a1c01bbd47fc00a2c39e90264f33305004495a9","hash":"e455e41b259e57d1296fce30510c160e59d19bb9"}
,"C:\\Users\\olena\\coffee-shop\\src\\components\\WhyUs\\WhyUs.jsx": {"path":"C:\\Users\\olena\\coffee-shop\\src\\components\\WhyUs\\WhyUs.jsx","statementMap":{"0":{"start":{"line":4,"column":2},"end":{"line":22,"column":4}}},"fnMap":{"0":{"name":"WhyUs","decl":{"start":{"line":3,"column":24},"end":{"line":3,"column":29}},"loc":{"start":{"line":3,"column":32},"end":{"line":23,"column":1}},"line":3}},"branchMap":{},"s":{"0":1},"f":{"0":1},"b":{},"_coverageSchema":"1a1c01bbd47fc00a2c39e90264f33305004495a9","hash":"302b7031e9a39af1f53c4de6a44fb04c73f74af3"}
,"C:\\Users\\olena\\coffee-shop\\src\\data\\product.js": {"path":"C:\\Users\\olena\\coffee-shop\\src\\data\\product.js","statementMap":{"0":{"start":{"line":1,"column":24},"end":{"line":6,"column":1}}},"fnMap":{},"branchMap":{},"s":{"0":1},"f":{},"b":{},"_coverageSchema":"1a1c01bbd47fc00a2c39e90264f33305004495a9","hash":"beb5802b01f80e12dedd5906954dedc83ea5c36d"}
,"C:\\Users\\olena\\coffee-shop\\src\\pages\\CartPage\\CartPage.jsx": {"path":"C:\\Users\\olena\\coffee-shop\\src\\pages\\CartPage\\CartPage.jsx","statementMap":{"0":{"start":{"line":7,"column":36},"end":{"line":9,"column":4}},"1":{"start":{"line":11,"column":23},"end":{"line":13,"column":3}},"2":{"start":{"line":12,"column":4},"end":{"line":12,"column":59}},"3":{"start":{"line":12,"column":42},"end":{"line":12,"column":56}},"4":{"start":{"line":15,"column":25},"end":{"line":19,"column":3}},"5":{"start":{"line":16,"column":4},"end":{"line":18,"column":7}},"6":{"start":{"line":17,"column":6},"end":{"line":17,"column":70}},"7":{"start":{"line":21,"column":25},"end":{"line":27,"column":3}},"8":{"start":{"line":22,"column":4},"end":{"line":26,"column":7}},"9":{"start":{"line":23,"column":6},"end":{"line":25,"column":14}},"10":{"start":{"line":29,"column":21},"end":{"line":32,"column":3}},"11":{"start":{"line":30,"column":19},"end":{"line":30,"column":51}},"12":{"start":{"line":34,"column":2},"end":{"line":68,"column":4}},"13":{"start":{"line":42,"column":12},"end":{"line":59,"column":18}},"14":{"start":{"line":48,"column":41},"end":{"line":48,"column":64}},"15":{"start":{"line":50,"column":41},"end":{"line":50,"column":64}},"16":{"start":{"line":54,"column":33},"end":{"line":54,"column":54}}},"fnMap":{"0":{"name":"CartPage","decl":{"start":{"line":5,"column":24},"end":{"line":5,"column":32}},"loc":{"start":{"line":5,"column":35},"end":{"line":69,"column":1}},"line":5},"1":{"name":"(anonymous_1)","decl":{"start":{"line":11,"column":23},"end":{"line":11,"column":24}},"loc":{"start":{"line":11,"column":31},"end":{"line":13,"column":3}},"line":11},"2":{"name":"(anonymous_2)","decl":{"start":{"line":12,"column":34},"end":{"line":12,"column":35}},"loc":{"start":{"line":12,"column":42},"end":{"line":12,"column":56}},"line":12},"3":{"name":"(anonymous_3)","decl":{"start":{"line":15,"column":25},"end":{"line":15,"column":26}},"loc":{"start":{"line":15,"column":33},"end":{"line":19,"column":3}},"line":15},"4":{"name":"(anonymous_4)","decl":{"start":{"line":16,"column":31},"end":{"line":16,"column":32}},"loc":{"start":{"line":17,"column":6},"end":{"line":17,"column":70}},"line":17},"5":{"name":"(anonymous_5)","decl":{"start":{"line":21,"column":25},"end":{"line":21,"column":26}},"loc":{"start":{"line":21,"column":33},"end":{"line":27,"column":3}},"line":21},"6":{"name":"(anonymous_6)","decl":{"start":{"line":22,"column":31},"end":{"line":22,"column":32}},"loc":{"start":{"line":23,"column":6},"end":{"line":25,"column":14}},"line":23},"7":{"name":"(anonymous_7)","decl":{"start":{"line":30,"column":4},"end":{"line":30,"column":5}},"loc":{"start":{"line":30,"column":19},"end":{"line":30,"column":51}},"line":30},"8":{"name":"(anonymous_8)","decl":{"start":{"line":41,"column":25},"end":{"line":41,"column":26}},"loc":{"start":{"line":42,"column":12},"end":{"line":59,"column":18}},"line":42},"9":{"name":"(anonymous_9)","decl":{"start":{"line":48,"column":35},"end":{"line":48,"column":36}},"loc":{"start":{"line":48,"column":41},"end":{"line":48,"column":64}},"line":48},"10":{"name":"(anonymous_10)","decl":{"start":{"line":50,"column":35},"end":{"line":50,"column":36}},"loc":{"start":{"line":50,"column":41},"end":{"line":50,"column":64}},"line":50},"11":{"name":"(anonymous_11)","decl":{"start":{"line":54,"column":27},"end":{"line":54,"column":28}},"loc":{"start":{"line":54,"column":33},"end":{"line":54,"column":54}},"line":54}},"branchMap":{"0":{"loc":{"start":{"line":17,"column":6},"end":{"line":17,"column":70}},"type":"cond-expr","locations":[{"start":{"line":17,"column":23},"end":{"line":17,"column":63}},{"start":{"line":17,"column":66},"end":{"line":17,"column":70}}],"line":17},"1":{"loc":{"start":{"line":23,"column":6},"end":{"line":25,"column":14}},"type":"cond-expr","locations":[{"start":{"line":24,"column":10},"end":{"line":24,"column":50}},{"start":{"line":25,"column":10},"end":{"line":25,"column":14}}],"line":23},"2":{"loc":{"start":{"line":23,"column":6},"end":{"line":23,"column":41}},"type":"binary-expr","locations":[{"start":{"line":23,"column":6},"end":{"line":23,"column":20}},{"start":{"line":23,"column":24},"end":{"line":23,"column":41}}],"line":23},"3":{"loc":{"start":{"line":37,"column":7},"end":{"line":62,"column":7}},"type":"cond-expr","locations":[{"start":{"line":38,"column":8},"end":{"line":38,"column":56}},{"start":{"line":40,"column":8},"end":{"line":61,"column":14}}],"line":37}},"s":{"0":6,"1":6,"2":0,"3":0,"4":6,"5":0,"6":0,"7":6,"8":0,"9":0,"10":6,"11":6,"12":6,"13":6,"14":0,"15":0,"16":0},"f":{"0":6,"1":0,"2":0,"3":0,"4":0,"5":0,"6":0,"7":6,"8":6,"9":0,"10":0,"11":0},"b":{"0":[0,0],"1":[0,0],"2":[0,0],"3":[0,6]},"_coverageSchema":"1a1c01bbd47fc00a2c39e90264f33305004495a9","hash":"88116d08103301cf632c44c8b27205e03a6b5202"}
}
