TN:
SF:src\components\Header\Header.jsx
FN:4,Header
FN:6,(anonymous_1)
FNF:2
FNH:2
FNDA:3,Header
FNDA:9,(anonymous_1)
DA:5,3
DA:6,9
DA:8,3
LF:3
LH:3
BRDA:12,0,0,2
BRDA:12,0,1,1
BRDA:13,1,0,1
BRDA:13,1,1,2
BRDA:14,2,0,0
BRDA:14,2,1,3
BRF:6
BRH:5
end_of_record
TN:
SF:src\components\ProductCard\ProductCard.jsx
FN:3,ProductCard
FNF:1
FNH:1
FNDA:2,ProductCard
DA:4,2
LF:1
LH:1
BRF:0
BRH:0
end_of_record
TN:
SF:src\components\RandomCoffee\RandomCoffee.jsx
FN:2,RandomCoffee
FNF:1
FNH:1
FNDA:1,RandomCoffee
DA:3,1
LF:1
LH:1
BRF:0
BRH:0
end_of_record
TN:
SF:src\components\WhyUs\WhyUs.jsx
FN:3,WhyUs
FNF:1
FNH:1
FNDA:1,WhyUs
DA:4,1
LF:1
LH:1
BRF:0
BRH:0
end_of_record
TN:
SF:src\data\product.js
FNF:0
FNH:0
DA:1,1
LF:1
LH:1
BRF:0
BRH:0
end_of_record
TN:
SF:src\pages\CartPage\CartPage.jsx
FN:5,CartPage
FN:11,(anonymous_1)
FN:12,(anonymous_2)
FN:15,(anonymous_3)
FN:16,(anonymous_4)
FN:21,(anonymous_5)
FN:22,(anonymous_6)
FN:30,(anonymous_7)
FN:41,(anonymous_8)
FN:48,(anonymous_9)
FN:50,(anonymous_10)
FN:54,(anonymous_11)
FNF:12
FNH:3
FNDA:6,CartPage
FNDA:0,(anonymous_1)
FNDA:0,(anonymous_2)
FNDA:0,(anonymous_3)
FNDA:0,(anonymous_4)
FNDA:0,(anonymous_5)
FNDA:0,(anonymous_6)
FNDA:6,(anonymous_7)
FNDA:6,(anonymous_8)
FNDA:0,(anonymous_9)
FNDA:0,(anonymous_10)
FNDA:0,(anonymous_11)
DA:7,6
DA:11,6
DA:12,0
DA:15,6
DA:16,0
DA:17,0
DA:21,6
DA:22,0
DA:23,0
DA:29,6
DA:30,6
DA:34,6
DA:42,6
DA:48,0
DA:50,0
DA:54,0
LF:16
LH:8
BRDA:17,0,0,0
BRDA:17,0,1,0
BRDA:23,1,0,0
BRDA:23,1,1,0
BRDA:23,2,0,0
BRDA:23,2,1,0
BRDA:37,3,0,0
BRDA:37,3,1,6
BRF:8
BRH:1
end_of_record
